{"/home/tushar/full_stack_project_2/server/models/Student.js": {"path":"/home/tushar/full_stack_project_2/server/models/Student.js","statementMap":{"0":{"start":{"line":1,"column":17},"end":{"line":1,"column":36}},"1":{"start":{"line":3,"column":22},"end":{"line":36,"column":2}},"2":{"start":{"line":38,"column":0},"end":{"line":38,"column":58}}},"fnMap":{},"branchMap":{},"s":{"0":1,"1":1,"2":1},"f":{},"b":{},"_coverageSchema":"1a1c01bbd47fc00a2c39e90264f33305004495a9","hash":"46efb0ca676351be1dc156f899d0ebaa763ae2cd"}
,"/home/tushar/full_stack_project_2/server/routes/studentRoutes.js": {"path":"/home/tushar/full_stack_project_2/server/routes/studentRoutes.js","statementMap":{"0":{"start":{"line":1,"column":16},"end":{"line":1,"column":34}},"1":{"start":{"line":2,"column":16},"end":{"line":2,"column":44}},"2":{"start":{"line":3,"column":16},"end":{"line":3,"column":55}},"3":{"start":{"line":4,"column":18},"end":{"line":4,"column":44}},"4":{"start":{"line":5,"column":15},"end":{"line":5,"column":41}},"5":{"start":{"line":6,"column":19},"end":{"line":6,"column":42}},"6":{"start":{"line":8,"column":15},"end":{"line":8,"column":31}},"7":{"start":{"line":11,"column":0},"end":{"line":49,"column":3}},"8":{"start":{"line":12,"column":30},"end":{"line":12,"column":38}},"9":{"start":{"line":14,"column":15},"end":{"line":14,"column":23}},"10":{"start":{"line":21,"column":2},"end":{"line":48,"column":3}},"11":{"start":{"line":22,"column":23},"end":{"line":28,"column":6}},"12":{"start":{"line":30,"column":4},"end":{"line":30,"column":28}},"13":{"start":{"line":32,"column":21},"end":{"line":32,"column":30}},"14":{"start":{"line":33,"column":25},"end":{"line":33,"column":53}},"15":{"start":{"line":34,"column":4},"end":{"line":34,"column":30}},"16":{"start":{"line":35,"column":4},"end":{"line":42,"column":5}},"17":{"start":{"line":36,"column":6},"end":{"line":36,"column":47}},"18":{"start":{"line":39,"column":6},"end":{"line":39,"column":38}},"19":{"start":{"line":40,"column":6},"end":{"line":40,"column":53}},"20":{"start":{"line":41,"column":6},"end":{"line":41,"column":66}},"21":{"start":{"line":43,"column":4},"end":{"line":43,"column":28}},"22":{"start":{"line":45,"column":4},"end":{"line":45,"column":37}},"23":{"start":{"line":47,"column":4},"end":{"line":47,"column":53}},"24":{"start":{"line":53,"column":0},"end":{"line":60,"column":3}},"25":{"start":{"line":54,"column":2},"end":{"line":59,"column":3}},"26":{"start":{"line":55,"column":21},"end":{"line":55,"column":64}},"27":{"start":{"line":56,"column":4},"end":{"line":56,"column":23}},"28":{"start":{"line":58,"column":4},"end":{"line":58,"column":53}},"29":{"start":{"line":63,"column":0},"end":{"line":75,"column":3}},"30":{"start":{"line":64,"column":17},"end":{"line":64,"column":27}},"31":{"start":{"line":66,"column":2},"end":{"line":74,"column":3}},"32":{"start":{"line":67,"column":20},"end":{"line":67,"column":75}},"33":{"start":{"line":68,"column":4},"end":{"line":70,"column":5}},"34":{"start":{"line":69,"column":6},"end":{"line":69,"column":68}},"35":{"start":{"line":71,"column":4},"end":{"line":71,"column":22}},"36":{"start":{"line":73,"column":4},"end":{"line":73,"column":53}},"37":{"start":{"line":78,"column":0},"end":{"line":96,"column":3}},"38":{"start":{"line":79,"column":17},"end":{"line":79,"column":27}},"39":{"start":{"line":80,"column":26},"end":{"line":80,"column":34}},"40":{"start":{"line":82,"column":2},"end":{"line":95,"column":3}},"41":{"start":{"line":83,"column":20},"end":{"line":83,"column":75}},"42":{"start":{"line":84,"column":4},"end":{"line":86,"column":5}},"43":{"start":{"line":85,"column":6},"end":{"line":85,"column":68}},"44":{"start":{"line":88,"column":4},"end":{"line":88,"column":40}},"45":{"start":{"line":89,"column":4},"end":{"line":89,"column":43}},"46":{"start":{"line":91,"column":4},"end":{"line":91,"column":25}},"47":{"start":{"line":92,"column":4},"end":{"line":92,"column":22}},"48":{"start":{"line":94,"column":4},"end":{"line":94,"column":53}},"49":{"start":{"line":99,"column":0},"end":{"line":113,"column":3}},"50":{"start":{"line":100,"column":17},"end":{"line":100,"column":27}},"51":{"start":{"line":102,"column":2},"end":{"line":112,"column":3}},"52":{"start":{"line":103,"column":20},"end":{"line":103,"column":75}},"53":{"start":{"line":104,"column":4},"end":{"line":106,"column":5}},"54":{"start":{"line":105,"column":6},"end":{"line":105,"column":68}},"55":{"start":{"line":108,"column":4},"end":{"line":108,"column":30}},"56":{"start":{"line":109,"column":4},"end":{"line":109,"column":58}},"57":{"start":{"line":111,"column":4},"end":{"line":111,"column":53}},"58":{"start":{"line":115,"column":0},"end":{"line":139,"column":3}},"59":{"start":{"line":116,"column":17},"end":{"line":116,"column":27}},"60":{"start":{"line":117,"column":31},"end":{"line":117,"column":39}},"61":{"start":{"line":120,"column":2},"end":{"line":122,"column":3}},"62":{"start":{"line":121,"column":6},"end":{"line":121,"column":73}},"63":{"start":{"line":124,"column":2},"end":{"line":138,"column":3}},"64":{"start":{"line":125,"column":22},"end":{"line":125,"column":78}},"65":{"start":{"line":127,"column":6},"end":{"line":129,"column":7}},"66":{"start":{"line":128,"column":10},"end":{"line":128,"column":72}},"67":{"start":{"line":131,"column":24},"end":{"line":131,"column":72}},"68":{"start":{"line":133,"column":6},"end":{"line":135,"column":9}},"69":{"start":{"line":137,"column":6},"end":{"line":137,"column":85}},"70":{"start":{"line":141,"column":0},"end":{"line":165,"column":3}},"71":{"start":{"line":142,"column":17},"end":{"line":142,"column":27}},"72":{"start":{"line":143,"column":23},"end":{"line":143,"column":31}},"73":{"start":{"line":145,"column":2},"end":{"line":164,"column":3}},"74":{"start":{"line":146,"column":20},"end":{"line":146,"column":75}},"75":{"start":{"line":148,"column":4},"end":{"line":150,"column":5}},"76":{"start":{"line":149,"column":6},"end":{"line":149,"column":68}},"77":{"start":{"line":153,"column":25},"end":{"line":153,"column":61}},"78":{"start":{"line":156,"column":4},"end":{"line":156,"column":33}},"79":{"start":{"line":157,"column":4},"end":{"line":157,"column":48}},"80":{"start":{"line":158,"column":4},"end":{"line":158,"column":25}},"81":{"start":{"line":161,"column":4},"end":{"line":161,"column":69}},"82":{"start":{"line":163,"column":4},"end":{"line":163,"column":88}},"83":{"start":{"line":168,"column":0},"end":{"line":168,"column":24}}},"fnMap":{"0":{"name":"(anonymous_0)","decl":{"start":{"line":11,"column":49},"end":{"line":11,"column":50}},"loc":{"start":{"line":11,"column":69},"end":{"line":49,"column":1}},"line":11},"1":{"name":"(anonymous_1)","decl":{"start":{"line":53,"column":25},"end":{"line":53,"column":26}},"loc":{"start":{"line":53,"column":45},"end":{"line":60,"column":1}},"line":53},"2":{"name":"(anonymous_2)","decl":{"start":{"line":63,"column":28},"end":{"line":63,"column":29}},"loc":{"start":{"line":63,"column":48},"end":{"line":75,"column":1}},"line":63},"3":{"name":"(anonymous_3)","decl":{"start":{"line":78,"column":28},"end":{"line":78,"column":29}},"loc":{"start":{"line":78,"column":48},"end":{"line":96,"column":1}},"line":78},"4":{"name":"(anonymous_4)","decl":{"start":{"line":99,"column":31},"end":{"line":99,"column":32}},"loc":{"start":{"line":99,"column":51},"end":{"line":113,"column":1}},"line":99},"5":{"name":"(anonymous_5)","decl":{"start":{"line":115,"column":40},"end":{"line":115,"column":41}},"loc":{"start":{"line":115,"column":60},"end":{"line":139,"column":1}},"line":115},"6":{"name":"(anonymous_6)","decl":{"start":{"line":141,"column":29},"end":{"line":141,"column":30}},"loc":{"start":{"line":141,"column":49},"end":{"line":165,"column":1}},"line":141}},"branchMap":{"0":{"loc":{"start":{"line":35,"column":4},"end":{"line":42,"column":5}},"type":"if","locations":[{"start":{"line":35,"column":4},"end":{"line":42,"column":5}},{"start":{"line":38,"column":8},"end":{"line":42,"column":5}}],"line":35},"1":{"loc":{"start":{"line":35,"column":7},"end":{"line":35,"column":68}},"type":"binary-expr","locations":[{"start":{"line":35,"column":7},"end":{"line":35,"column":32}},{"start":{"line":35,"column":36},"end":{"line":35,"column":68}}],"line":35},"2":{"loc":{"start":{"line":68,"column":4},"end":{"line":70,"column":5}},"type":"if","locations":[{"start":{"line":68,"column":4},"end":{"line":70,"column":5}},{"start":{},"end":{}}],"line":68},"3":{"loc":{"start":{"line":84,"column":4},"end":{"line":86,"column":5}},"type":"if","locations":[{"start":{"line":84,"column":4},"end":{"line":86,"column":5}},{"start":{},"end":{}}],"line":84},"4":{"loc":{"start":{"line":88,"column":19},"end":{"line":88,"column":39}},"type":"binary-expr","locations":[{"start":{"line":88,"column":19},"end":{"line":88,"column":23}},{"start":{"line":88,"column":27},"end":{"line":88,"column":39}}],"line":88},"5":{"loc":{"start":{"line":89,"column":20},"end":{"line":89,"column":42}},"type":"binary-expr","locations":[{"start":{"line":89,"column":20},"end":{"line":89,"column":25}},{"start":{"line":89,"column":29},"end":{"line":89,"column":42}}],"line":89},"6":{"loc":{"start":{"line":104,"column":4},"end":{"line":106,"column":5}},"type":"if","locations":[{"start":{"line":104,"column":4},"end":{"line":106,"column":5}},{"start":{},"end":{}}],"line":104},"7":{"loc":{"start":{"line":120,"column":2},"end":{"line":122,"column":3}},"type":"if","locations":[{"start":{"line":120,"column":2},"end":{"line":122,"column":3}},{"start":{},"end":{}}],"line":120},"8":{"loc":{"start":{"line":120,"column":6},"end":{"line":120,"column":35}},"type":"binary-expr","locations":[{"start":{"line":120,"column":6},"end":{"line":120,"column":15}},{"start":{"line":120,"column":19},"end":{"line":120,"column":35}}],"line":120},"9":{"loc":{"start":{"line":127,"column":6},"end":{"line":129,"column":7}},"type":"if","locations":[{"start":{"line":127,"column":6},"end":{"line":129,"column":7}},{"start":{},"end":{}}],"line":127},"10":{"loc":{"start":{"line":148,"column":4},"end":{"line":150,"column":5}},"type":"if","locations":[{"start":{"line":148,"column":4},"end":{"line":150,"column":5}},{"start":{},"end":{}}],"line":148}},"s":{"0":1,"1":1,"2":1,"3":1,"4":1,"5":1,"6":1,"7":1,"8":0,"9":0,"10":0,"11":0,"12":0,"13":0,"14":0,"15":0,"16":0,"17":0,"18":0,"19":0,"20":0,"21":0,"22":0,"23":0,"24":1,"25":1,"26":1,"27":1,"28":0,"29":1,"30":2,"31":2,"32":2,"33":2,"34":1,"35":1,"36":0,"37":1,"38":1,"39":1,"40":1,"41":1,"42":1,"43":0,"44":1,"45":1,"46":1,"47":1,"48":0,"49":1,"50":1,"51":1,"52":1,"53":1,"54":0,"55":1,"56":1,"57":0,"58":1,"59":1,"60":1,"61":1,"62":0,"63":1,"64":1,"65":1,"66":0,"67":1,"68":1,"69":0,"70":1,"71":0,"72":0,"73":0,"74":0,"75":0,"76":0,"77":0,"78":0,"79":0,"80":0,"81":0,"82":0,"83":1},"f":{"0":0,"1":1,"2":2,"3":1,"4":1,"5":1,"6":0},"b":{"0":[0,0],"1":[0,0],"2":[1,1],"3":[0,1],"4":[1,0],"5":[1,0],"6":[0,1],"7":[0,1],"8":[1,1],"9":[0,1],"10":[0,0]},"_coverageSchema":"1a1c01bbd47fc00a2c39e90264f33305004495a9","hash":"6034173f446aeb27201ba7b8225e5d4c3230fe78"}
,"/home/tushar/full_stack_project_2/server/utils/llm.js": {"path":"/home/tushar/full_stack_project_2/server/utils/llm.js","statementMap":{"0":{"start":{"line":1,"column":11},"end":{"line":1,"column":24}},"1":{"start":{"line":2,"column":17},"end":{"line":2,"column":37}},"2":{"start":{"line":3,"column":19},"end":{"line":3,"column":40}},"3":{"start":{"line":4,"column":15},"end":{"line":4,"column":32}},"4":{"start":{"line":5,"column":31},"end":{"line":5,"column":63}},"5":{"start":{"line":7,"column":0},"end":{"line":7,"column":16}},"6":{"start":{"line":9,"column":16},"end":{"line":9,"column":42}},"7":{"start":{"line":11,"column":24},"end":{"line":17,"column":1}},"8":{"start":{"line":12,"column":16},"end":{"line":12,"column":47}},"9":{"start":{"line":13,"column":16},"end":{"line":13,"column":65}},"10":{"start":{"line":14,"column":19},"end":{"line":14,"column":55}},"11":{"start":{"line":15,"column":23},"end":{"line":15,"column":47}},"12":{"start":{"line":16,"column":2},"end":{"line":16,"column":34}},"13":{"start":{"line":20,"column":21},"end":{"line":24,"column":1}},"14":{"start":{"line":21,"column":21},"end":{"line":21,"column":46}},"15":{"start":{"line":22,"column":15},"end":{"line":22,"column":41}},"16":{"start":{"line":23,"column":2},"end":{"line":23,"column":19}},"17":{"start":{"line":26,"column":0},"end":{"line":48,"column":2}},"18":{"start":{"line":27,"column":21},"end":{"line":27,"column":29}},"19":{"start":{"line":28,"column":21},"end":{"line":28,"column":51}},"20":{"start":{"line":31,"column":22},"end":{"line":43,"column":5}},"21":{"start":{"line":46,"column":23},"end":{"line":46,"column":57}},"22":{"start":{"line":47,"column":2},"end":{"line":47,"column":22}}},"fnMap":{"0":{"name":"(anonymous_0)","decl":{"start":{"line":11,"column":24},"end":{"line":11,"column":25}},"loc":{"start":{"line":11,"column":41},"end":{"line":17,"column":1}},"line":11},"1":{"name":"(anonymous_1)","decl":{"start":{"line":20,"column":21},"end":{"line":20,"column":22}},"loc":{"start":{"line":20,"column":41},"end":{"line":24,"column":1}},"line":20},"2":{"name":"(anonymous_2)","decl":{"start":{"line":26,"column":26},"end":{"line":26,"column":27}},"loc":{"start":{"line":26,"column":50},"end":{"line":48,"column":1}},"line":26}},"branchMap":{},"s":{"0":1,"1":1,"2":1,"3":1,"4":1,"5":1,"6":1,"7":1,"8":0,"9":0,"10":0,"11":0,"12":0,"13":1,"14":0,"15":0,"16":0,"17":1,"18":0,"19":0,"20":0,"21":0,"22":0},"f":{"0":0,"1":0,"2":0},"b":{},"_coverageSchema":"1a1c01bbd47fc00a2c39e90264f33305004495a9","hash":"0a6fa5f84c5287fbb764b82b2214bf2697c6e0b2"}
}
