TN:
SF:models/Student.js
FNF:0
FNH:0
DA:1,1
DA:3,1
DA:38,1
LF:3
LH:3
BRF:0
BRH:0
end_of_record
TN:
SF:routes/studentRoutes.js
FN:11,(anonymous_0)
FN:53,(anonymous_1)
FN:63,(anonymous_2)
FN:78,(anonymous_3)
FN:99,(anonymous_4)
FN:115,(anonymous_5)
FN:141,(anonymous_6)
FNF:7
FNH:5
FNDA:0,(anonymous_0)
FNDA:1,(anonymous_1)
FNDA:2,(anonymous_2)
FNDA:1,(anonymous_3)
FNDA:1,(anonymous_4)
FNDA:1,(anonymous_5)
FNDA:0,(anonymous_6)
DA:1,1
DA:2,1
DA:3,1
DA:4,1
DA:5,1
DA:6,1
DA:8,1
DA:11,1
DA:12,0
DA:14,0
DA:21,0
DA:22,0
DA:30,0
DA:32,0
DA:33,0
DA:34,0
DA:35,0
DA:36,0
DA:39,0
DA:40,0
DA:41,0
DA:43,0
DA:45,0
DA:47,0
DA:53,1
DA:54,1
DA:55,1
DA:56,1
DA:58,0
DA:63,1
DA:64,2
DA:66,2
DA:67,2
DA:68,2
DA:69,1
DA:71,1
DA:73,0
DA:78,1
DA:79,1
DA:80,1
DA:82,1
DA:83,1
DA:84,1
DA:85,0
DA:88,1
DA:89,1
DA:91,1
DA:92,1
DA:94,0
DA:99,1
DA:100,1
DA:102,1
DA:103,1
DA:104,1
DA:105,0
DA:108,1
DA:109,1
DA:111,0
DA:115,1
DA:116,1
DA:117,1
DA:120,1
DA:121,0
DA:124,1
DA:125,1
DA:127,1
DA:128,0
DA:131,1
DA:133,1
DA:137,0
DA:141,1
DA:142,0
DA:143,0
DA:145,0
DA:146,0
DA:148,0
DA:149,0
DA:153,0
DA:156,0
DA:157,0
DA:158,0
DA:161,0
DA:163,0
DA:168,1
LF:84
LH:47
BRDA:35,0,0,0
BRDA:35,0,1,0
BRDA:35,1,0,0
BRDA:35,1,1,0
BRDA:68,2,0,1
BRDA:68,2,1,1
BRDA:84,3,0,0
BRDA:84,3,1,1
BRDA:88,4,0,1
BRDA:88,4,1,0
BRDA:89,5,0,1
BRDA:89,5,1,0
BRDA:104,6,0,0
BRDA:104,6,1,1
BRDA:120,7,0,0
BRDA:120,7,1,1
BRDA:120,8,0,1
BRDA:120,8,1,1
BRDA:127,9,0,0
BRDA:127,9,1,1
BRDA:148,10,0,0
BRDA:148,10,1,0
BRF:22
BRH:10
end_of_record
TN:
SF:utils/llm.js
FN:11,(anonymous_0)
FN:20,(anonymous_1)
FN:26,(anonymous_2)
FNF:3
FNH:0
FNDA:0,(anonymous_0)
FNDA:0,(anonymous_1)
FNDA:0,(anonymous_2)
DA:1,1
DA:2,1
DA:3,1
DA:4,1
DA:5,1
DA:7,1
DA:9,1
DA:11,1
DA:12,0
DA:13,0
DA:14,0
DA:15,0
DA:16,0
DA:20,1
DA:21,0
DA:22,0
DA:23,0
DA:26,1
DA:27,0
DA:28,0
DA:31,0
DA:46,0
DA:47,0
LF:23
LH:10
BRF:0
BRH:0
end_of_record
